<?xml version="1.0" encoding="UTF-8"?>
<testng-results ignored="0" total="4" passed="4" failed="0" skipped="0">
  <reporter-output>
  </reporter-output>
  <suite started-at="2023-03-20T16:58:03 IST" name="All Test Suite" finished-at="2023-03-20T16:59:21 IST" duration-ms="77957">
    <groups>
    </groups>
    <test started-at="2023-03-20T16:58:03 IST" name="C:/Users/atulk/IdeaProjects/AutomationBooksWagon" finished-at="2023-03-20T16:59:21 IST" duration-ms="77957">
      <class name="com.bridgelabz.TestBooksWagon">
        <test-method is-config="true" signature="initialization()[pri:0, instance:com.bridgelabz.TestBooksWagon@42a15bdc]" started-at="2023-03-20T16:58:03 IST" name="initialization" finished-at="2023-03-20T16:58:09 IST" duration-ms="5750" status="PASS">
          <reporter-output>
          </reporter-output>
        </test-method> <!-- initialization -->
        <test-method signature="insertDataInField()[pri:0, instance:com.bridgelabz.TestBooksWagon@42a15bdc]" started-at="2023-03-20T16:58:09 IST" name="insertDataInField" finished-at="2023-03-20T16:58:19 IST" duration-ms="10071" status="PASS">
          <reporter-output>
          </reporter-output>
        </test-method> <!-- insertDataInField -->
        <test-method is-config="true" signature="tearDown()[pri:0, instance:com.bridgelabz.TestBooksWagon@42a15bdc]" started-at="2023-03-20T16:58:19 IST" name="tearDown" finished-at="2023-03-20T16:58:20 IST" duration-ms="679" status="PASS">
          <reporter-output>
          </reporter-output>
        </test-method> <!-- tearDown -->
        <test-method is-config="true" signature="initialization()[pri:0, instance:com.bridgelabz.TestBooksWagon@42a15bdc]" started-at="2023-03-20T16:58:20 IST" name="initialization" finished-at="2023-03-20T16:58:24 IST" duration-ms="4605" status="PASS">
          <reporter-output>
          </reporter-output>
        </test-method> <!-- initialization -->
        <test-method signature="homepageSearchActivity()[pri:1, instance:com.bridgelabz.TestBooksWagon@42a15bdc]" started-at="2023-03-20T16:58:24 IST" name="homepageSearchActivity" finished-at="2023-03-20T16:58:37 IST" duration-ms="12153" status="PASS">
          <reporter-output>
          </reporter-output>
        </test-method> <!-- homepageSearchActivity -->
        <test-method is-config="true" signature="tearDown()[pri:0, instance:com.bridgelabz.TestBooksWagon@42a15bdc]" started-at="2023-03-20T16:58:37 IST" name="tearDown" finished-at="2023-03-20T16:58:37 IST" duration-ms="655" status="PASS">
          <reporter-output>
          </reporter-output>
        </test-method> <!-- tearDown -->
        <test-method is-config="true" signature="initialization()[pri:0, instance:com.bridgelabz.TestBooksWagon@42a15bdc]" started-at="2023-03-20T16:58:37 IST" name="initialization" finished-at="2023-03-20T16:58:41 IST" duration-ms="4291" status="PASS">
          <reporter-output>
          </reporter-output>
        </test-method> <!-- initialization -->
        <test-method signature="wishlistCheckActivity()[pri:2, instance:com.bridgelabz.TestBooksWagon@42a15bdc]" started-at="2023-03-20T16:58:41 IST" name="wishlistCheckActivity" finished-at="2023-03-20T16:58:57 IST" duration-ms="15375" status="PASS">
          <reporter-output>
          </reporter-output>
        </test-method> <!-- wishlistCheckActivity -->
        <test-method is-config="true" signature="tearDown()[pri:0, instance:com.bridgelabz.TestBooksWagon@42a15bdc]" started-at="2023-03-20T16:58:57 IST" name="tearDown" finished-at="2023-03-20T16:58:57 IST" duration-ms="632" status="PASS">
          <reporter-output>
          </reporter-output>
        </test-method> <!-- tearDown -->
        <test-method is-config="true" signature="initialization()[pri:0, instance:com.bridgelabz.TestBooksWagon@42a15bdc]" started-at="2023-03-20T16:58:57 IST" name="initialization" finished-at="2023-03-20T16:59:04 IST" duration-ms="6386" status="PASS">
          <reporter-output>
          </reporter-output>
        </test-method> <!-- initialization -->
        <test-method signature="placeOrder()[pri:3, instance:com.bridgelabz.TestBooksWagon@42a15bdc]" started-at="2023-03-20T16:59:04 IST" name="placeOrder" finished-at="2023-03-20T16:59:20 IST" duration-ms="16471" status="PASS">
          <reporter-output>
          </reporter-output>
        </test-method> <!-- placeOrder -->
        <test-method is-config="true" signature="tearDown()[pri:0, instance:com.bridgelabz.TestBooksWagon@42a15bdc]" started-at="2023-03-20T16:59:20 IST" name="tearDown" finished-at="2023-03-20T16:59:21 IST" duration-ms="717" status="PASS">
          <reporter-output>
          </reporter-output>
        </test-method> <!-- tearDown -->
      </class> <!-- com.bridgelabz.TestBooksWagon -->
    </test> <!-- C:/Users/atulk/IdeaProjects/AutomationBooksWagon -->
  </suite> <!-- All Test Suite -->
</testng-results>
